<?xml version="1.0" encoding="UTF-8"?>
<testsuite name="AuthorTest" tests="3" skipped="0" failures="0" errors="0" timestamp="2015-09-02T17:20:09" hostname="epicodus-115.local" time="0.131">
  <properties/>
  <testcase name="equals_returnTrueIfAuthorsAreTheSame" classname="AuthorTest" time="0.081"/>
  <testcase name="all_emptyAtFirst" classname="AuthorTest" time="0.032"/>
  <testcase name="save_savesIntoDatabase_true" classname="AuthorTest" time="0.017"/>
  <system-out><![CDATA[]]></system-out>
  <system-err><![CDATA[]]></system-err>
</testsuite>
