<?xml version="1.0" encoding="UTF-8"?>
<testsuite name="BookTest" tests="3" skipped="0" failures="0" errors="0" timestamp="2015-09-02T17:20:09" hostname="epicodus-115.local" time="0.034">
  <properties/>
  <testcase name="all_emptyAtFirst" classname="BookTest" time="0.011"/>
  <testcase name="equals_returnsTrueIfBooksAreTheSame" classname="BookTest" time="0.006"/>
  <testcase name="save_savesIntoDatabase_true" classname="BookTest" time="0.016"/>
  <system-out><![CDATA[]]></system-out>
  <system-err><![CDATA[]]></system-err>
</testsuite>
