<?xml version="1.0" encoding="UTF-8"?>
<testsuite name="BookTest" tests="7" skipped="0" failures="0" errors="0" timestamp="2015-09-02T18:43:39" hostname="epicodus-115.local" time="0.104">
  <properties/>
  <testcase name="all_emptyAtFirst" classname="BookTest" time="0.008"/>
  <testcase name="getAuthors_returnsAllAuthors_List" classname="BookTest" time="0.014"/>
  <testcase name="update_updatesBookTitleAndGenreInDatabase_true" classname="BookTest" time="0.021"/>
  <testcase name="equals_returnsTrueIfBooksAreTheSame" classname="BookTest" time="0.005"/>
  <testcase name="save_savesIntoDatabase_true" classname="BookTest" time="0.015"/>
  <testcase name="delete_deletesBookAndListAssociations" classname="BookTest" time="0.027"/>
  <testcase name="find_findsBookInDatabase_true" classname="BookTest" time="0.014"/>
  <system-out><![CDATA[]]></system-out>
  <system-err><![CDATA[]]></system-err>
</testsuite>
