<?xml version="1.0" encoding="UTF-8"?>
<testsuite name="AuthorTest" tests="8" skipped="0" failures="0" errors="0" timestamp="2015-09-02T22:37:31" hostname="epicodus-115.local" time="0.247">
  <properties/>
  <testcase name="equals_returnTrueIfAuthorsAreTheSame" classname="AuthorTest" time="0.081"/>
  <testcase name="addBook_addsBookToAuthor" classname="AuthorTest" time="0.052"/>
  <testcase name="delete_deletesAllAuthorsAndListAssociation" classname="AuthorTest" time="0.03"/>
  <testcase name="all_emptyAtFirst" classname="AuthorTest" time="0.011"/>
  <testcase name="getAuthors_returnsAllBooks_ArrayList" classname="AuthorTest" time="0.024"/>
  <testcase name="save_savesIntoDatabase_true" classname="AuthorTest" time="0.014"/>
  <testcase name="update_changesAuthorNameAndEnrollmentInDatabase_true" classname="AuthorTest" time="0.019"/>
  <testcase name="find_findsAuthorInDatabase_true" classname="AuthorTest" time="0.014"/>
  <system-out><![CDATA[]]></system-out>
  <system-err><![CDATA[]]></system-err>
</testsuite>
